Reading netlist file: "D:\GOWIN_FPGA\LED7DOAN\impl\gwsynthesis\hex8.vg"
Parsing netlist file "D:\GOWIN_FPGA\LED7DOAN\impl\gwsynthesis\hex8.vg" completed
Processing netlist completed
Reading constraint file: "D:\GOWIN_FPGA\LED7DOAN\src\hex8.cst"
Physical Constraint parsed completed
Running placement......
[10%] Placement Phase 0 completed
[20%] Placement Phase 1 completed
[30%] Placement Phase 2 completed
[50%] Placement Phase 3 completed
Running routing......
[60%] Routing Phase 0 completed
[70%] Routing Phase 1 completed
[80%] Routing Phase 2 completed
[90%] Routing Phase 3 completed
Running timing analysis......
[95%] Timing analysis completed
Placement and routing completed
Bitstream generation in progress......
Bitstream generation completed
Generate file "D:\GOWIN_FPGA\LED7DOAN\impl\pnr\hex8.pin.html" completed
Generate file "D:\GOWIN_FPGA\LED7DOAN\impl\pnr\hex8.rpt.html" completed
Generate file "D:\GOWIN_FPGA\LED7DOAN\impl\pnr\hex8.rpt.txt" completed
Generate file "D:\GOWIN_FPGA\LED7DOAN\impl\pnr\hex8.tr.html" completed
Fri Aug  2 09:49:46 2024

