GowinSynthesis start
Running parser ...
Analyzing Verilog file 'C:\Users\Admin\OneDrive\Desktop\Intern_Docs\intern\TangNano-4K-example-main\key_blink\src\key_blink.v'
WARN  (EX3012) : Empty statement in sequential block("C:\Users\Admin\OneDrive\Desktop\Intern_Docs\intern\TangNano-4K-example-main\key_blink\src\key_blink.v":38)
WARN  (EX3012) : Empty statement in sequential block("C:\Users\Admin\OneDrive\Desktop\Intern_Docs\intern\TangNano-4K-example-main\key_blink\src\key_blink.v":41)
WARN  (EX3801) : Parameter 'count_ms' becomes localparam in 'blink' with formal parameter declaration list("C:\Users\Admin\OneDrive\Desktop\Intern_Docs\intern\TangNano-4K-example-main\key_blink\src\key_blink.v":11)
WARN  (EX3801) : Parameter 'count_20ms' becomes localparam in 'blink' with formal parameter declaration list("C:\Users\Admin\OneDrive\Desktop\Intern_Docs\intern\TangNano-4K-example-main\key_blink\src\key_blink.v":13)
WARN  (EX3801) : Parameter 'count_500ms' becomes localparam in 'blink' with formal parameter declaration list("C:\Users\Admin\OneDrive\Desktop\Intern_Docs\intern\TangNano-4K-example-main\key_blink\src\key_blink.v":14)
WARN  (EX3680) : Concatenation with an unsized literal will be treated as 32 bits("C:\Users\Admin\OneDrive\Desktop\Intern_Docs\intern\TangNano-4K-example-main\key_blink\src\key_blink.v":19)
Compiling module 'blink'("C:\Users\Admin\OneDrive\Desktop\Intern_Docs\intern\TangNano-4K-example-main\key_blink\src\key_blink.v":1)
WARN  (EX3791) : Expression size 32 truncated to fit in target size 1("C:\Users\Admin\OneDrive\Desktop\Intern_Docs\intern\TangNano-4K-example-main\key_blink\src\key_blink.v":19)
WARN  (EX3791) : Expression size 32 truncated to fit in target size 31("C:\Users\Admin\OneDrive\Desktop\Intern_Docs\intern\TangNano-4K-example-main\key_blink\src\key_blink.v":35)
WARN  (EX3791) : Expression size 32 truncated to fit in target size 1("C:\Users\Admin\OneDrive\Desktop\Intern_Docs\intern\TangNano-4K-example-main\key_blink\src\key_blink.v":61)
WARN  (EX3791) : Expression size 27 truncated to fit in target size 26("C:\Users\Admin\OneDrive\Desktop\Intern_Docs\intern\TangNano-4K-example-main\key_blink\src\key_blink.v":65)
NOTE  (EX0101) : Current top module is "blink"
[5%] Running netlist conversion ...
Running device independent optimization ...
[10%] Optimizing Phase 0 completed
[15%] Optimizing Phase 1 completed
[25%] Optimizing Phase 2 completed
Running inference ...
[30%] Inferring Phase 0 completed
[40%] Inferring Phase 1 completed
[50%] Inferring Phase 2 completed
[55%] Inferring Phase 3 completed
Running technical mapping ...
[60%] Tech-Mapping Phase 0 completed
[65%] Tech-Mapping Phase 1 completed
[75%] Tech-Mapping Phase 2 completed
[80%] Tech-Mapping Phase 3 completed
[90%] Tech-Mapping Phase 4 completed
[95%] Generate netlist file "C:\Users\Admin\OneDrive\Desktop\Intern_Docs\intern\TangNano-4K-example-main\key_blink\impl\gwsynthesis\key_blink.vg" completed
[100%] Generate report file "C:\Users\Admin\OneDrive\Desktop\Intern_Docs\intern\TangNano-4K-example-main\key_blink\impl\gwsynthesis\key_blink_syn.rpt.html" completed
GowinSynthesis finish
