GowinSynthesis start
Running parser ...
Analyzing Verilog file 'D:\FPGA_PRATICE\ch6_uart_Rx\src\uart_byte_tx.v'
Analyzing Verilog file 'D:\FPGA_PRATICE\ch6_uart_Rx\src\uart_tx_test.v'
Compiling module 'uart_tx_test'("D:\FPGA_PRATICE\ch6_uart_Rx\src\uart_tx_test.v":1)
Compiling module 'uart_byte_tx'("D:\FPGA_PRATICE\ch6_uart_Rx\src\uart_byte_tx.v":20)
NOTE  (EX0101) : Current top module is "uart_tx_test"
[5%] Running netlist conversion ...
Running device independent optimization ...
[10%] Optimizing Phase 0 completed
[15%] Optimizing Phase 1 completed
[25%] Optimizing Phase 2 completed
Running inference ...
[30%] Inferring Phase 0 completed
[40%] Inferring Phase 1 completed
[50%] Inferring Phase 2 completed
[55%] Inferring Phase 3 completed
Running technical mapping ...
[60%] Tech-Mapping Phase 0 completed
[65%] Tech-Mapping Phase 1 completed
[75%] Tech-Mapping Phase 2 completed
[80%] Tech-Mapping Phase 3 completed
[90%] Tech-Mapping Phase 4 completed
[95%] Generate netlist file "D:\FPGA_PRATICE\ch6_uart_Rx\impl\gwsynthesis\uart_tx.vg" completed
[100%] Generate report file "D:\FPGA_PRATICE\ch6_uart_Rx\impl\gwsynthesis\uart_tx_syn.rpt.html" completed
GowinSynthesis finish
