GowinSynthesis start
Running parser ...
Analyzing Verilog file 'D:\FPGA_PRATICE\ch12_led_key\src\key_filter.v'
Analyzing Verilog file 'D:\FPGA_PRATICE\ch12_led_key\src\key_led_tb.v'
Analyzing Verilog file 'D:\FPGA_PRATICE\ch12_led_key\src\key_led_top.v'
Analyzing Verilog file 'D:\FPGA_PRATICE\ch12_led_key\src\led_ctrl.v'
Compiling module 'key_led_top'("D:\FPGA_PRATICE\ch12_led_key\src\key_led_top.v":3)
Compiling module 'key_filter'("D:\FPGA_PRATICE\ch12_led_key\src\key_filter.v":2)
Compiling module 'led_ctrl'("D:\FPGA_PRATICE\ch12_led_key\src\led_ctrl.v":2)
NOTE  (EX0101) : Current top module is "key_led_top"
[5%] Running netlist conversion ...
Running device independent optimization ...
[10%] Optimizing Phase 0 completed
[15%] Optimizing Phase 1 completed
[25%] Optimizing Phase 2 completed
Running inference ...
[30%] Inferring Phase 0 completed
[40%] Inferring Phase 1 completed
[50%] Inferring Phase 2 completed
[55%] Inferring Phase 3 completed
Running technical mapping ...
[60%] Tech-Mapping Phase 0 completed
[65%] Tech-Mapping Phase 1 completed
[75%] Tech-Mapping Phase 2 completed
[80%] Tech-Mapping Phase 3 completed
[90%] Tech-Mapping Phase 4 completed
[95%] Generate netlist file "D:\FPGA_PRATICE\ch12_led_key\impl\gwsynthesis\key_led.vg" completed
[100%] Generate report file "D:\FPGA_PRATICE\ch12_led_key\impl\gwsynthesis\key_led_syn.rpt.html" completed
GowinSynthesis finish
